C:\Program Files (x86)\MSBuild\Microsoft.Cpp\v4.0\V140\Microsoft.CppBuild.targets(392,5): warning MSB8028: The intermediate directory (Debug\) contains files shared from another project (netChallengeDLL.vcxproj).  This can lead to incorrect clean and rebuild behavior.
  wifiChallengeDLL.cpp
c:\users\jorgenokia\documents\visual studio 2015\projects\dronefs-challenges\wifichallengedll\wifichallengedll\wifichallengedll.cpp(30): warning C4018: '<': no coinciden signed/unsigned
c:\users\jorgenokia\documents\visual studio 2015\projects\dronefs-challenges\wifichallengedll\wifichallengedll\wifichallengedll.cpp(32): warning C4018: '<': no coinciden signed/unsigned
c:\users\jorgenokia\documents\visual studio 2015\projects\dronefs-challenges\wifichallengedll\wifichallengedll\wifichallengedll.cpp(68): warning C4018: '<': no coinciden signed/unsigned
c:\users\jorgenokia\documents\visual studio 2015\projects\dronefs-challenges\wifichallengedll\wifichallengedll\wifichallengedll.cpp(100): error C4996: 'strcpy': This function or variable may be unsafe. Consider using strcpy_s instead. To disable deprecation, use _CRT_SECURE_NO_WARNINGS. See online help for details.
  c:\program files (x86)\windows kits\10\include\10.0.10240.0\ucrt\string.h(119): note: vea la declaración de 'strcpy'
c:\users\jorgenokia\documents\visual studio 2015\projects\dronefs-challenges\wifichallengedll\wifichallengedll\wifichallengedll.cpp(101): error C4996: 'strcat': This function or variable may be unsafe. Consider using strcat_s instead. To disable deprecation, use _CRT_SECURE_NO_WARNINGS. See online help for details.
  c:\program files (x86)\windows kits\10\include\10.0.10240.0\ucrt\string.h(90): note: vea la declaración de 'strcat'
c:\users\jorgenokia\documents\visual studio 2015\projects\dronefs-challenges\wifichallengedll\wifichallengedll\wifichallengedll.cpp(102): error C4996: 'strcat': This function or variable may be unsafe. Consider using strcat_s instead. To disable deprecation, use _CRT_SECURE_NO_WARNINGS. See online help for details.
  c:\program files (x86)\windows kits\10\include\10.0.10240.0\ucrt\string.h(90): note: vea la declaración de 'strcat'
  wifi2.cpp
c:\users\jorgenokia\documents\visual studio 2015\projects\dronefs-challenges\wifichallengedll\wifichallengedll\wifi2.cpp(89): warning C4018: '<': no coinciden signed/unsigned
c:\users\jorgenokia\documents\visual studio 2015\projects\dronefs-challenges\wifichallengedll\wifichallengedll\wifi2.cpp(121): error C4996: 'strcpy': This function or variable may be unsafe. Consider using strcpy_s instead. To disable deprecation, use _CRT_SECURE_NO_WARNINGS. See online help for details.
  c:\program files (x86)\windows kits\10\include\10.0.10240.0\ucrt\string.h(119): note: vea la declaración de 'strcpy'
c:\users\jorgenokia\documents\visual studio 2015\projects\dronefs-challenges\wifichallengedll\wifichallengedll\wifi2.cpp(122): error C4996: 'strcat': This function or variable may be unsafe. Consider using strcat_s instead. To disable deprecation, use _CRT_SECURE_NO_WARNINGS. See online help for details.
  c:\program files (x86)\windows kits\10\include\10.0.10240.0\ucrt\string.h(90): note: vea la declaración de 'strcat'
c:\users\jorgenokia\documents\visual studio 2015\projects\dronefs-challenges\wifichallengedll\wifichallengedll\wifi2.cpp(123): error C4996: 'strcat': This function or variable may be unsafe. Consider using strcat_s instead. To disable deprecation, use _CRT_SECURE_NO_WARNINGS. See online help for details.
  c:\program files (x86)\windows kits\10\include\10.0.10240.0\ucrt\string.h(90): note: vea la declaración de 'strcat'
c:\users\jorgenokia\documents\visual studio 2015\projects\dronefs-challenges\wifichallengedll\wifichallengedll\wifi2.cpp(151): warning C4018: '<': no coinciden signed/unsigned
c:\users\jorgenokia\documents\visual studio 2015\projects\dronefs-challenges\wifichallengedll\wifichallengedll\wifi2.cpp(153): warning C4018: '<': no coinciden signed/unsigned
  sha256.cpp
c:\users\jorgenokia\documents\visual studio 2015\projects\dronefs-challenges\wifichallengedll\wifichallengedll\sha256.cpp(130): error C4996: 'sprintf': This function or variable may be unsafe. Consider using sprintf_s instead. To disable deprecation, use _CRT_SECURE_NO_WARNINGS. See online help for details.
  c:\program files (x86)\windows kits\10\include\10.0.10240.0\ucrt\stdio.h(1769): note: vea la declaración de 'sprintf'
  Generando código...
